<?xml version="1.0" encoding="UTF-8"?>
<!-- Generated by org.testng.reporters.JUnitReportReporter -->
<testsuite skipped="0" hostname="DESKTOP-UL7FG4D" name="APITest.test5_Parameters" tests="1" failures="0" timestamp="2020-03-10T14:37:12 EET" time="2.854" errors="0">
  <testcase name="testPathParam" time="2.854" classname="APITest.test5_Parameters"/>
  <system-out/>
</testsuite> <!-- APITest.test5_Parameters -->
